<?xml version="1.0" encoding="UTF-8"?>
<!-- Generated by org.testng.reporters.JUnitXMLReporter -->
<testsuite hostname="LAPTOP-MA63P0T5" ignored="0" name="Test1" tests="4" failures="0" timestamp="2019-12-09T21:54:53 IST" time="0.05" errors="0">
  <testcase name="aTest" time="0.006" classname="com.employeeapi.TestCase.TC001_GET_F1_Driver"/>
  <testcase name="bTest" time="0.0" classname="com.employeeapi.TestCase.TC001_GET_F1_Driver"/>
  <testcase name="aTest" time="0.0" classname="com.employeeapi.TestCase.TC002_GET_F1_Driver"/>
  <testcase name="bTest" time="0.001" classname="com.employeeapi.TestCase.TC002_GET_F1_Driver"/>
</testsuite> <!-- Test1 -->
