<?xml version="1.0" encoding="UTF-8"?>
<testng-results skipped="0" failed="0" ignored="0" total="2" passed="2">
  <reporter-output>
  </reporter-output>
  <suite name="Default suite" duration-ms="84" started-at="2019-12-10T09:20:17 IST" finished-at="2019-12-10T09:20:18 IST">
    <groups>
    </groups>
    <test name="Default test" duration-ms="84" started-at="2019-12-10T09:20:17 IST" finished-at="2019-12-10T09:20:18 IST">
      <class name="com.employeeapi.TestCase.TC001_GET_F1_Driver">
        <test-method status="PASS" signature="setuptest()[pri:0, instance:com.employeeapi.TestCase.TC001_GET_F1_Driver@631330c]" name="setuptest" is-config="true" duration-ms="20" started-at="2019-12-10T09:20:17 IST" finished-at="2019-12-10T09:20:17 IST">
          <reporter-output>
          </reporter-output>
        </test-method> <!-- setuptest -->
        <test-method status="PASS" signature="aTest()[pri:0, instance:com.employeeapi.TestCase.TC001_GET_F1_Driver@631330c]" name="aTest" duration-ms="8" started-at="2019-12-10T09:20:17 IST" finished-at="2019-12-10T09:20:17 IST">
          <reporter-output>
          </reporter-output>
        </test-method> <!-- aTest -->
        <test-method status="PASS" signature="bTest()[pri:0, instance:com.employeeapi.TestCase.TC001_GET_F1_Driver@631330c]" name="bTest" duration-ms="4" started-at="2019-12-10T09:20:17 IST" finished-at="2019-12-10T09:20:18 IST">
          <reporter-output>
          </reporter-output>
        </test-method> <!-- bTest -->
      </class> <!-- com.employeeapi.TestCase.TC001_GET_F1_Driver -->
    </test> <!-- Default test -->
  </suite> <!-- Default suite -->
</testng-results>
